General Logger:	2022/05/09 19:00:49.521101 main.go:359: &{../outputs/PDFs/ ../Template/TemplateConstancia.pdf ../outputs/CSVsFiles ../outputs/CSVDownloaded/gsheet.csv Unidad Regional Norte y Centro Norte- 0 1 Formación y Actualización de Asesores (as) Certificado de Servicio Social realizado del 27 al 29 de Septiembre de 2021,  9 de Diciembre de 2021 25 hrs. {Nombre     } [https://docs.google.com/spreadsheets/d/e/2PACX-1vRoqEhUQXj2A5HkRVfCNBRrfJJvB34fSTJmgJwkJFsUZa-NM9ecUUUruJ-YsB_RbA/pub?output=csv]}
General Logger:	2022/05/09 19:00:49.559853 main.go:381: No se descargo nada
General Logger:	2022/05/09 19:00:49.567095 main.go:181: Inicia generacion de PDFs  
General Logger:	2022/05/09 19:01:41.454793 main.go:359: &{../outputs/PDFs/ ../Template/TemplateConstancia.pdf ../outputs/CSVsFiles ../outputs/CSVDownloaded/gsheet.csv Unidad Regional Norte y Centro Norte- 0 1 Formación y Actualización de Asesores (as) Certificado de Servicio Social realizado del 27 al 29 de Septiembre de 2021,  9 de Diciembre de 2021 25 hrs. {Nombre     } [https://docs.google.com/spreadsheets/d/e/2PACX-1vRoqEhUQXj2A5HkRVfCNBRrfJJvB34fSTJmgJwkJFsUZa-NM9ecUUUruJ-YsB_RbA/pub?output=csv]}
General Logger:	2022/05/09 19:01:41.504690 main.go:381: No se descargo nada
General Logger:	2022/05/09 19:01:41.507926 main.go:181: Inicia generacion de PDFs  
General Logger:	2022/05/09 19:12:30.034194 main.go:359: &{../outputs/PDFs/ ../Template/TemplateConstancia.pdf ../outputs/CSVsFiles ../outputs/CSVDownloaded/gsheet.csv Unidad Regional Norte y Centro Norte- 0 1 Formación y Actualización de Asesores (as) Certificado de Servicio Social realizado del 27 al 29 de Septiembre de 2021,  9 de Diciembre de 2021 25 hrs. {Nombre     } [https://docs.google.com/spreadsheets/d/e/2PACX-1vRoqEhUQXj2A5HkRVfCNBRrfJJvB34fSTJmgJwkJFsUZa-NM9ecUUUruJ-YsB_RbA/pub?output=csv]}
General Logger:	2022/05/09 19:12:30.063288 main.go:381: No se descargo nada
General Logger:	2022/05/09 19:12:30.067065 main.go:181: Inicia generacion de PDFs  
General Logger:	2022/05/09 19:13:47.483356 main.go:359: &{../outputs/PDFs/ ../Template/TemplateConstancia.pdf ../outputs/CSVsFiles ../outputs/CSVDownloaded/gsheet.csv Unidad Regional Norte y Centro Norte- 0 1 Formación y Actualización de Asesores (as) Certificado de Servicio Social realizado del 27 al 29 de Septiembre de 2021,  9 de Diciembre de 2021 25 hrs. {Nombre     } [https://docs.google.com/spreadsheets/d/e/2PACX-1vRoqEhUQXj2A5HkRVfCNBRrfJJvB34fSTJmgJwkJFsUZa-NM9ecUUUruJ-YsB_RbA/pub?output=csv]}
General Logger:	2022/05/09 19:13:47.520199 main.go:381: No se descargo nada
General Logger:	2022/05/09 19:13:47.524594 main.go:181: Inicia generacion de PDFs  
General Logger:	2022/05/09 19:13:53.068473 main.go:359: &{../outputs/PDFs/ ../Template/TemplateConstancia.pdf ../outputs/CSVsFiles ../outputs/CSVDownloaded/gsheet.csv Unidad Regional Norte y Centro Norte- 0 1 Formación y Actualización de Asesores (as) Certificado de Servicio Social realizado del 27 al 29 de Septiembre de 2021,  9 de Diciembre de 2021 25 hrs. {Nombre     } [https://docs.google.com/spreadsheets/d/e/2PACX-1vRoqEhUQXj2A5HkRVfCNBRrfJJvB34fSTJmgJwkJFsUZa-NM9ecUUUruJ-YsB_RbA/pub?output=csv]}
General Logger:	2022/05/09 19:13:53.099290 main.go:381: No se descargo nada
General Logger:	2022/05/09 19:13:53.102523 main.go:181: Inicia generacion de PDFs  
General Logger:	2022/05/09 19:17:03.230635 main.go:359: &{../outputs/PDFs/ ../Template/TemplateConstancia.pdf ../outputs/CSVsFiles ../outputs/CSVDownloaded/gsheet.csv Unidad Regional Norte y Centro Norte- 0 1 Formación y Actualización de Asesores (as) Certificado de Servicio Social realizado del 27 al 29 de Septiembre de 2021,  9 de Diciembre de 2021 25 hrs. {Nombre     } [https://docs.google.com/spreadsheets/d/e/2PACX-1vRoqEhUQXj2A5HkRVfCNBRrfJJvB34fSTJmgJwkJFsUZa-NM9ecUUUruJ-YsB_RbA/pub?output=csv]}
General Logger:	2022/05/09 19:17:03.259341 main.go:381: No se descargo nada
General Logger:	2022/05/09 19:17:03.261980 main.go:181: Inicia generacion de PDFs  
General Logger:	2022/05/09 19:17:20.294263 main.go:181: Termina generacion de PDFs  
General Logger:	2022/05/09 19:19:51.322249 main.go:359: &{../outputs/PDFs/ ../Template/TemplateConstancia.pdf ../outputs/CSVsFiles ../outputs/CSVDownloaded/gsheet.csv Unidad Regional Norte y Centro Norte- 0 1 Formación y Actualización de Asesores (as) Certificado de Servicio Social realizado del 27 al 29 de Septiembre de 2021,  9 de Diciembre de 2021 25 hrs. {Nombre     } [https://docs.google.com/spreadsheets/d/e/2PACX-1vRoqEhUQXj2A5HkRVfCNBRrfJJvB34fSTJmgJwkJFsUZa-NM9ecUUUruJ-YsB_RbA/pub?output=csv]}
General Logger:	2022/05/09 19:19:51.365199 main.go:381: No se descargo nada
General Logger:	2022/05/09 19:19:51.369437 main.go:181: Inicia generacion de PDFs  
General Logger:	2022/05/09 19:20:04.377780 main.go:181: Termina generacion de PDFs  
General Logger:	2022/05/09 19:20:20.773136 main.go:359: &{../outputs/PDFs/ ../Template/TemplateConstancia.pdf ../outputs/CSVsFiles ../outputs/CSVDownloaded/gsheet.csv Unidad Regional Norte y Centro Norte- 0 1 Formación y Actualización de Asesores (as) Certificado de Servicio Social realizado del 27 al 29 de Septiembre de 2021,  9 de Diciembre de 2021 25 hrs. {Nombre     } [https://docs.google.com/spreadsheets/d/e/2PACX-1vRoqEhUQXj2A5HkRVfCNBRrfJJvB34fSTJmgJwkJFsUZa-NM9ecUUUruJ-YsB_RbA/pub?output=csv]}
General Logger:	2022/05/09 19:20:20.805252 main.go:381: No se descargo nada
General Logger:	2022/05/09 19:20:20.807876 main.go:181: Inicia generacion de PDFs  
General Logger:	2022/05/09 19:20:36.593227 main.go:181: Termina generacion de PDFs  
General Logger:	2022/05/09 19:25:15.380979 main.go:359: &{../outputs/PDFs/ ../Template/TemplateConstancia.pdf ../outputs/CSVsFiles ../outputs/CSVDownloaded/gsheet.csv Unidad Regional Norte y Centro Norte- 0 1 Formación y Actualización de Asesores (as) Certificado de Servicio Social realizado del 27 al 29 de Septiembre de 2021,  9 de Diciembre de 2021 25 hrs. {Nombre     } [https://docs.google.com/spreadsheets/d/e/2PACX-1vRoqEhUQXj2A5HkRVfCNBRrfJJvB34fSTJmgJwkJFsUZa-NM9ecUUUruJ-YsB_RbA/pub?output=csv]}
General Logger:	2022/05/09 19:25:15.410742 main.go:381: No se descargo nada
General Logger:	2022/05/09 19:25:15.413454 main.go:181: Inicia generacion de PDFs  
General Logger:	2022/05/09 19:25:26.291881 main.go:181: Termina generacion de PDFs  
General Logger:	2022/05/09 19:25:42.003255 main.go:359: &{../outputs/PDFs/ ../Template/TemplateConstancia.pdf ../outputs/CSVsFiles ../outputs/CSVDownloaded/gsheet.csv Unidad Regional Norte y Centro Norte- 0 1 Formación y Actualización de Asesores (as) Certificado de Servicio Social realizado del 27 al 29 de Septiembre de 2021,  9 de Diciembre de 2021 25 hrs. {Nombre     } [https://docs.google.com/spreadsheets/d/e/2PACX-1vRoqEhUQXj2A5HkRVfCNBRrfJJvB34fSTJmgJwkJFsUZa-NM9ecUUUruJ-YsB_RbA/pub?output=csv]}
General Logger:	2022/05/09 19:25:42.029263 main.go:381: No se descargo nada
General Logger:	2022/05/09 19:25:42.032929 main.go:181: Inicia generacion de PDFs  
General Logger:	2022/05/09 19:25:52.980182 main.go:181: Termina generacion de PDFs  
General Logger:	2022/05/09 19:28:55.160645 main.go:359: &{../outputs/PDFs/ ../Template/TemplateConstancia.pdf ../outputs/CSVsFiles ../outputs/CSVDownloaded/gsheet.csv Unidad Regional Norte y Centro Norte- 0 1 Formación y Actualización de Asesores (as) Certificado de Servicio Social realizado del 27 al 29 de Septiembre de 2021,  9 de Diciembre de 2021 25 hrs. {Nombre     } [https://docs.google.com/spreadsheets/d/e/2PACX-1vRoqEhUQXj2A5HkRVfCNBRrfJJvB34fSTJmgJwkJFsUZa-NM9ecUUUruJ-YsB_RbA/pub?output=csv]}
General Logger:	2022/05/09 19:28:55.186846 main.go:381: No se descargo nada
General Logger:	2022/05/09 19:28:55.191820 main.go:181: Inicia generacion de PDFs  
General Logger:	2022/05/09 19:29:08.541484 main.go:181: Termina generacion de PDFs  
General Logger:	2022/05/09 19:31:57.692702 main.go:359: &{../outputs/PDFs/ ../Template/TemplateConstancia.pdf ../outputs/CSVsFiles ../outputs/CSVDownloaded/gsheet.csv Unidad Regional Norte y Centro Norte- 0 1 Formación y Actualización de Asesores (as) Certificado de Servicio Social realizado del 27 al 29 de Septiembre de 2021,  9 de Diciembre de 2021 25 hrs. {Nombre     } [https://docs.google.com/spreadsheets/d/e/2PACX-1vRoqEhUQXj2A5HkRVfCNBRrfJJvB34fSTJmgJwkJFsUZa-NM9ecUUUruJ-YsB_RbA/pub?output=csv]}
General Logger:	2022/05/09 19:31:57.731171 main.go:381: No se descargo nada
General Logger:	2022/05/09 19:31:57.738604 main.go:181: Inicia generacion de PDFs  
General Logger:	2022/05/09 19:32:06.559867 main.go:359: &{../outputs/PDFs/ ../Template/TemplateConstancia.pdf ../outputs/CSVsFiles ../outputs/CSVDownloaded/gsheet.csv Unidad Regional Norte y Centro Norte- 0 1 Formación y Actualización de Asesores (as) Certificado de Servicio Social realizado del 27 al 29 de Septiembre de 2021,  9 de Diciembre de 2021 25 hrs. {Nombre     } [https://docs.google.com/spreadsheets/d/e/2PACX-1vRoqEhUQXj2A5HkRVfCNBRrfJJvB34fSTJmgJwkJFsUZa-NM9ecUUUruJ-YsB_RbA/pub?output=csv]}
General Logger:	2022/05/09 19:32:06.593015 main.go:381: No se descargo nada
General Logger:	2022/05/09 19:32:06.598894 main.go:181: Inicia generacion de PDFs  
General Logger:	2022/05/09 19:32:18.996497 main.go:181: Termina generacion de PDFs  
General Logger:	2022/05/09 19:37:12.116953 main.go:359: &{../outputs/PDFs/ ../Template/TemplateConstancia.pdf ../outputs/CSVsFiles ../outputs/CSVDownloaded/gsheet.csv Unidad Regional Norte y Centro Norte- 0 1 Formación y Actualización de Asesores (as) Certificado de Servicio Social realizado del 27 al 29 de Septiembre de 2021,  9 de Diciembre de 2021 25 hrs. {Nombre     } [https://docs.google.com/spreadsheets/d/e/2PACX-1vRoqEhUQXj2A5HkRVfCNBRrfJJvB34fSTJmgJwkJFsUZa-NM9ecUUUruJ-YsB_RbA/pub?output=csv]}
General Logger:	2022/05/09 19:37:12.142223 main.go:381: No se descargo nada
General Logger:	2022/05/09 19:37:12.145750 main.go:181: Inicia generacion de PDFs  
General Logger:	2022/05/09 19:37:24.942531 main.go:181: Termina generacion de PDFs  
General Logger:	2022/05/09 19:45:30.024510 main.go:359: &{../outputs/PDFs/ ../Template/TemplateConstancia.pdf ../outputs/CSVsFiles ../outputs/CSVDownloaded/gsheet.csv Unidad Regional Norte y Centro Norte- 0 1 Formación y Actualización de Asesores (as) Certificado de Servicio Social realizado del 27 al 29 de Septiembre de 2021,  9 de Diciembre de 2021 25 hrs. {Nombre     } [https://docs.google.com/spreadsheets/d/e/2PACX-1vRoqEhUQXj2A5HkRVfCNBRrfJJvB34fSTJmgJwkJFsUZa-NM9ecUUUruJ-YsB_RbA/pub?output=csv]}
General Logger:	2022/05/09 19:45:30.053168 main.go:381: No se descargo nada
General Logger:	2022/05/09 19:45:30.056334 main.go:181: Inicia generacion de PDFs  
General Logger:	2022/05/09 19:45:40.580264 main.go:181: Termina generacion de PDFs  
General Logger:	2022/05/09 19:45:56.840732 main.go:359: &{../outputs/PDFs/ ../Template/TemplateConstancia.pdf ../outputs/CSVsFiles ../outputs/CSVDownloaded/gsheet.csv Unidad Regional Norte y Centro Norte- 0 1 Formación y Actualización de Asesores (as) Certificado de Servicio Social realizado del 27 al 29 de Septiembre de 2021,  9 de Diciembre de 2021 25 hrs. {Nombre     } [https://docs.google.com/spreadsheets/d/e/2PACX-1vRoqEhUQXj2A5HkRVfCNBRrfJJvB34fSTJmgJwkJFsUZa-NM9ecUUUruJ-YsB_RbA/pub?output=csv]}
General Logger:	2022/05/09 19:45:56.869605 main.go:381: No se descargo nada
General Logger:	2022/05/09 19:45:56.872783 main.go:181: Inicia generacion de PDFs  
General Logger:	2022/05/09 19:46:07.471512 main.go:181: Termina generacion de PDFs  
General Logger:	2022/05/09 22:23:10.144503 main.go:359: &{../outputs/PDFs/ ../Template/TemplateConstancia.pdf ../outputs/CSVsFiles ../outputs/CSVDownloaded/gsheet.csv Unidad Regional Norte y Centro Norte- 0 1 Formación y Actualización de Asesores (as) Certificado de Servicio Social realizado del 27 al 29 de Septiembre de 2021,  9 de Diciembre de 2021 25 hrs. {Nombre     } [https://docs.google.com/spreadsheets/d/e/2PACX-1vRoqEhUQXj2A5HkRVfCNBRrfJJvB34fSTJmgJwkJFsUZa-NM9ecUUUruJ-YsB_RbA/pub?output=csv]}
General Logger:	2022/05/09 22:23:33.006704 main.go:359: &{../outputs/PDFs/ ../Template/TemplateConstancia.pdf ../outputs/CSVsFiles ../outputs/CSVDownloaded/gsheet.csv Unidad Regional Norte y Centro Norte- 0 1 Formación y Actualización de Asesores (as) Certificado de Servicio Social realizado del 27 al 29 de Septiembre de 2021,  9 de Diciembre de 2021 25 hrs. {Nombre     } [https://docs.google.com/spreadsheets/d/e/2PACX-1vRoqEhUQXj2A5HkRVfCNBRrfJJvB34fSTJmgJwkJFsUZa-NM9ecUUUruJ-YsB_RbA/pub?output=csv]}
General Logger:	2022/05/09 22:23:47.022505 main.go:359: &{../outputs/PDFs/ ../Template/TemplateConstancia.pdf ../outputs/CSVsFiles ../outputs/CSVDownloaded/gsheet.csv Unidad Regional Norte y Centro Norte- 0 1 Formación y Actualización de Asesores (as) Certificado de Servicio Social realizado del 27 al 29 de Septiembre de 2021,  9 de Diciembre de 2021 25 hrs. {Nombre     } [https://docs.google.com/spreadsheets/d/e/2PACX-1vRoqEhUQXj2A5HkRVfCNBRrfJJvB34fSTJmgJwkJFsUZa-NM9ecUUUruJ-YsB_RbA/pub?output=csv]}
General Logger:	2022/05/09 22:24:51.692505 main.go:359: &{../outputs/PDFs/ ../Template/TemplateConstancia.pdf ../outputs/CSVsFiles ../outputs/CSVDownloaded/gsheet.csv Unidad Regional Norte y Centro Norte- 0 1 Formación y Actualización de Asesores (as) Certificado de Servicio Social realizado del 27 al 29 de Septiembre de 2021,  9 de Diciembre de 2021 25 hrs. {Nombre     } [https://docs.google.com/spreadsheets/d/e/2PACX-1vRoqEhUQXj2A5HkRVfCNBRrfJJvB34fSTJmgJwkJFsUZa-NM9ecUUUruJ-YsB_RbA/pub?output=csv]}
General Logger:	2022/05/09 22:25:27.928295 main.go:359: &{../outputs/PDFs/ ../Template/TemplateConstancia.pdf ../outputs/CSVsFiles ../outputs/CSVDownloaded/gsheet.csv Unidad Regional Norte y Centro Norte- 0 1 Formación y Actualización de Asesores (as) Certificado de Servicio Social realizado del 27 al 29 de Septiembre de 2021,  9 de Diciembre de 2021 25 hrs. {Nombre     } [https://docs.google.com/spreadsheets/d/e/2PACX-1vRoqEhUQXj2A5HkRVfCNBRrfJJvB34fSTJmgJwkJFsUZa-NM9ecUUUruJ-YsB_RbA/pub?output=csv]}
General Logger:	2022/05/09 22:26:46.399410 main.go:359: &{../outputs/PDFs/ ../Template/TemplateConstancia.pdf ../outputs/CSVsFiles ../outputs/CSVDownloaded/gsheet.csv Unidad Regional Norte y Centro Norte- 0 1 Formación y Actualización de Asesores (as) Certificado de Servicio Social realizado del 27 al 29 de Septiembre de 2021,  9 de Diciembre de 2021 25 hrs. {Nombre     } [https://docs.google.com/spreadsheets/d/e/2PACX-1vRoqEhUQXj2A5HkRVfCNBRrfJJvB34fSTJmgJwkJFsUZa-NM9ecUUUruJ-YsB_RbA/pub?output=csv]}
General Logger:	2022/05/09 22:27:15.711195 main.go:359: &{../outputs/PDFs/ ../Template/TemplateConstancia.pdf ../outputs/CSVsFiles ../outputs/CSVDownloaded/gsheet.csv Unidad Regional Norte y Centro Norte- 0 1 Formación y Actualización de Asesores (as) Certificado de Servicio Social realizado del 27 al 29 de Septiembre de 2021,  9 de Diciembre de 2021 25 hrs. {Nombre     } [https://docs.google.com/spreadsheets/d/e/2PACX-1vRoqEhUQXj2A5HkRVfCNBRrfJJvB34fSTJmgJwkJFsUZa-NM9ecUUUruJ-YsB_RbA/pub?output=csv]}
General Logger:	2022/05/09 22:28:30.927281 main.go:359: &{../outputs/PDFs/ ../Template/TemplateConstancia.pdf ../outputs/CSVsFiles ../outputs/CSVDownloaded/gsheet.csv Unidad Regional Norte y Centro Norte- 0 1 Formación y Actualización de Asesores (as) Certificado de Servicio Social realizado del 27 al 29 de Septiembre de 2021,  9 de Diciembre de 2021 25 hrs. {Nombre     } [https://docs.google.com/spreadsheets/d/e/2PACX-1vRoqEhUQXj2A5HkRVfCNBRrfJJvB34fSTJmgJwkJFsUZa-NM9ecUUUruJ-YsB_RbA/pub?output=csv]}
General Logger:	2022/05/09 22:28:51.828311 main.go:359: &{../outputs/PDFs/ ../Template/TemplateConstancia.pdf ../outputs/CSVsFiles ../outputs/CSVDownloaded/gsheet.csv Unidad Regional Norte y Centro Norte- 0 1 Formación y Actualización de Asesores (as) Certificado de Servicio Social realizado del 27 al 29 de Septiembre de 2021,  9 de Diciembre de 2021 25 hrs. {Nombre     } [https://docs.google.com/spreadsheets/d/e/2PACX-1vRoqEhUQXj2A5HkRVfCNBRrfJJvB34fSTJmgJwkJFsUZa-NM9ecUUUruJ-YsB_RbA/pub?output=csv]}
General Logger:	2022/05/09 22:28:51.871612 main.go:181: La cantidad de PDFs generados fueron de: 1 
General Logger:	2022/05/09 22:28:51.880613 main.go:181: La cantidad de PDFs generados fueron de: 2 
General Logger:	2022/05/09 22:28:51.889609 main.go:181: La cantidad de PDFs generados fueron de: 3 
General Logger:	2022/05/09 22:28:51.898610 main.go:181: La cantidad de PDFs generados fueron de: 4 
General Logger:	2022/05/09 22:28:51.907610 main.go:181: La cantidad de PDFs generados fueron de: 5 
General Logger:	2022/05/09 22:28:51.916609 main.go:181: La cantidad de PDFs generados fueron de: 1 
General Logger:	2022/05/09 22:28:51.925624 main.go:181: La cantidad de PDFs generados fueron de: 2 
General Logger:	2022/05/09 22:28:51.934012 main.go:181: La cantidad de PDFs generados fueron de: 3 
General Logger:	2022/05/09 22:28:51.943636 main.go:181: La cantidad de PDFs generados fueron de: 4 
General Logger:	2022/05/09 22:28:51.952098 main.go:181: La cantidad de PDFs generados fueron de: 5 
General Logger:	2022/05/09 22:28:51.961839 main.go:181: La cantidad de PDFs generados fueron de: 1 
General Logger:	2022/05/09 22:28:51.970879 main.go:181: La cantidad de PDFs generados fueron de: 2 
General Logger:	2022/05/09 22:28:51.980874 main.go:181: La cantidad de PDFs generados fueron de: 3 
General Logger:	2022/05/09 22:28:51.988875 main.go:181: La cantidad de PDFs generados fueron de: 4 
General Logger:	2022/05/09 22:28:51.995876 main.go:181: La cantidad de PDFs generados fueron de: 5 
General Logger:	2022/05/09 22:28:52.004874 main.go:181: La cantidad de PDFs generados fueron de: 1 
General Logger:	2022/05/09 22:28:52.013876 main.go:181: La cantidad de PDFs generados fueron de: 2 
General Logger:	2022/05/09 22:28:52.021596 main.go:181: La cantidad de PDFs generados fueron de: 3 
General Logger:	2022/05/09 22:28:52.028662 main.go:181: La cantidad de PDFs generados fueron de: 4 
General Logger:	2022/05/09 22:28:52.037079 main.go:181: La cantidad de PDFs generados fueron de: 5 
General Logger:	2022/05/09 22:28:52.045078 main.go:181: La cantidad de PDFs generados fueron de: 1 
General Logger:	2022/05/09 22:28:52.053078 main.go:181: La cantidad de PDFs generados fueron de: 2 
General Logger:	2022/05/09 22:28:52.062085 main.go:181: La cantidad de PDFs generados fueron de: 3 
General Logger:	2022/05/09 22:28:52.069382 main.go:181: La cantidad de PDFs generados fueron de: 4 
General Logger:	2022/05/09 22:28:52.077358 main.go:181: La cantidad de PDFs generados fueron de: 5 
General Logger:	2022/05/09 22:28:52.086877 main.go:181: La cantidad de PDFs generados fueron de: 1 
General Logger:	2022/05/09 22:28:52.095508 main.go:181: La cantidad de PDFs generados fueron de: 2 
General Logger:	2022/05/09 22:28:52.103506 main.go:181: La cantidad de PDFs generados fueron de: 3 
General Logger:	2022/05/09 22:28:52.111505 main.go:181: La cantidad de PDFs generados fueron de: 4 
General Logger:	2022/05/09 22:28:52.121505 main.go:181: La cantidad de PDFs generados fueron de: 5 
General Logger:	2022/05/09 22:28:52.132510 main.go:181: La cantidad de PDFs generados fueron de: 1 
General Logger:	2022/05/09 22:28:52.140124 main.go:181: La cantidad de PDFs generados fueron de: 2 
General Logger:	2022/05/09 22:28:52.149124 main.go:181: La cantidad de PDFs generados fueron de: 3 
General Logger:	2022/05/09 22:28:52.158786 main.go:181: La cantidad de PDFs generados fueron de: 4 
General Logger:	2022/05/09 22:28:52.167810 main.go:181: La cantidad de PDFs generados fueron de: 5 
General Logger:	2022/05/09 22:28:52.177327 main.go:181: La cantidad de PDFs generados fueron de: 1 
General Logger:	2022/05/09 22:28:52.186329 main.go:181: La cantidad de PDFs generados fueron de: 2 
General Logger:	2022/05/09 22:28:52.194326 main.go:181: La cantidad de PDFs generados fueron de: 3 
General Logger:	2022/05/09 22:28:52.202601 main.go:181: La cantidad de PDFs generados fueron de: 4 
General Logger:	2022/05/09 22:28:52.210603 main.go:181: La cantidad de PDFs generados fueron de: 5 
General Logger:	2022/05/09 22:29:18.478257 main.go:359: &{../outputs/PDFs/ ../Template/TemplateConstancia.pdf ../outputs/CSVsFiles ../outputs/CSVDownloaded/gsheet.csv Unidad Regional Norte y Centro Norte- 0 1 Formación y Actualización de Asesores (as) Certificado de Servicio Social realizado del 27 al 29 de Septiembre de 2021,  9 de Diciembre de 2021 25 hrs. {Nombre     } [https://docs.google.com/spreadsheets/d/e/2PACX-1vRoqEhUQXj2A5HkRVfCNBRrfJJvB34fSTJmgJwkJFsUZa-NM9ecUUUruJ-YsB_RbA/pub?output=csv]}
General Logger:	2022/05/09 22:29:27.014301 main.go:359: &{../outputs/PDFs/ ../Template/TemplateConstancia.pdf ../outputs/CSVsFiles ../outputs/CSVDownloaded/gsheet.csv Unidad Regional Norte y Centro Norte- 0 1 Formación y Actualización de Asesores (as) Certificado de Servicio Social realizado del 27 al 29 de Septiembre de 2021,  9 de Diciembre de 2021 25 hrs. {Nombre     } [https://docs.google.com/spreadsheets/d/e/2PACX-1vRoqEhUQXj2A5HkRVfCNBRrfJJvB34fSTJmgJwkJFsUZa-NM9ecUUUruJ-YsB_RbA/pub?output=csv]}
General Logger:	2022/05/09 22:29:27.055706 main.go:181: La cantidad de PDFs generados fueron de: 1 
General Logger:	2022/05/09 22:29:27.066709 main.go:181: La cantidad de PDFs generados fueron de: 2 
General Logger:	2022/05/09 22:29:27.074710 main.go:181: La cantidad de PDFs generados fueron de: 3 
General Logger:	2022/05/09 22:29:27.083720 main.go:181: La cantidad de PDFs generados fueron de: 4 
General Logger:	2022/05/09 22:29:27.092710 main.go:181: La cantidad de PDFs generados fueron de: 5 
General Logger:	2022/05/09 22:29:27.101712 main.go:181: La cantidad de PDFs generados fueron de: 1 
General Logger:	2022/05/09 22:29:27.109708 main.go:181: La cantidad de PDFs generados fueron de: 2 
General Logger:	2022/05/09 22:29:27.118445 main.go:181: La cantidad de PDFs generados fueron de: 3 
General Logger:	2022/05/09 22:29:27.127433 main.go:181: La cantidad de PDFs generados fueron de: 4 
General Logger:	2022/05/09 22:29:27.135435 main.go:181: La cantidad de PDFs generados fueron de: 5 
General Logger:	2022/05/09 22:29:27.144693 main.go:181: La cantidad de PDFs generados fueron de: 1 
General Logger:	2022/05/09 22:29:27.155680 main.go:181: La cantidad de PDFs generados fueron de: 2 
General Logger:	2022/05/09 22:29:27.165676 main.go:181: La cantidad de PDFs generados fueron de: 3 
General Logger:	2022/05/09 22:29:27.177676 main.go:181: La cantidad de PDFs generados fueron de: 4 
General Logger:	2022/05/09 22:29:27.187684 main.go:181: La cantidad de PDFs generados fueron de: 5 
General Logger:	2022/05/09 22:29:27.198267 main.go:181: La cantidad de PDFs generados fueron de: 1 
General Logger:	2022/05/09 22:29:27.207265 main.go:181: La cantidad de PDFs generados fueron de: 2 
General Logger:	2022/05/09 22:29:27.217278 main.go:181: La cantidad de PDFs generados fueron de: 3 
General Logger:	2022/05/09 22:29:27.226268 main.go:181: La cantidad de PDFs generados fueron de: 4 
General Logger:	2022/05/09 22:29:27.236272 main.go:181: La cantidad de PDFs generados fueron de: 5 
General Logger:	2022/05/09 22:29:27.246275 main.go:181: La cantidad de PDFs generados fueron de: 1 
General Logger:	2022/05/09 22:29:27.256764 main.go:181: La cantidad de PDFs generados fueron de: 2 
General Logger:	2022/05/09 22:29:27.265766 main.go:181: La cantidad de PDFs generados fueron de: 3 
General Logger:	2022/05/09 22:29:27.275766 main.go:181: La cantidad de PDFs generados fueron de: 4 
General Logger:	2022/05/09 22:29:27.285763 main.go:181: La cantidad de PDFs generados fueron de: 5 
General Logger:	2022/05/09 22:29:27.296762 main.go:181: La cantidad de PDFs generados fueron de: 1 
General Logger:	2022/05/09 22:29:27.306766 main.go:181: La cantidad de PDFs generados fueron de: 2 
General Logger:	2022/05/09 22:29:27.315765 main.go:181: La cantidad de PDFs generados fueron de: 3 
General Logger:	2022/05/09 22:29:27.324764 main.go:181: La cantidad de PDFs generados fueron de: 4 
General Logger:	2022/05/09 22:29:27.332757 main.go:181: La cantidad de PDFs generados fueron de: 5 
General Logger:	2022/05/09 22:29:27.342761 main.go:181: La cantidad de PDFs generados fueron de: 1 
General Logger:	2022/05/09 22:29:27.352769 main.go:181: La cantidad de PDFs generados fueron de: 2 
General Logger:	2022/05/09 22:29:27.364772 main.go:181: La cantidad de PDFs generados fueron de: 3 
General Logger:	2022/05/09 22:29:27.374772 main.go:181: La cantidad de PDFs generados fueron de: 4 
General Logger:	2022/05/09 22:29:27.384763 main.go:181: La cantidad de PDFs generados fueron de: 5 
General Logger:	2022/05/09 22:29:27.394770 main.go:181: La cantidad de PDFs generados fueron de: 1 
General Logger:	2022/05/09 22:29:27.404810 main.go:181: La cantidad de PDFs generados fueron de: 2 
General Logger:	2022/05/09 22:29:27.414805 main.go:181: La cantidad de PDFs generados fueron de: 3 
General Logger:	2022/05/09 22:29:27.423775 main.go:181: La cantidad de PDFs generados fueron de: 4 
General Logger:	2022/05/09 22:29:27.432775 main.go:181: La cantidad de PDFs generados fueron de: 5 
General Logger:	2022/05/09 22:30:20.636997 main.go:359: &{../outputs/PDFs/ ../Template/TemplateConstancia.pdf ../outputs/CSVsFiles ../outputs/CSVDownloaded/gsheet.csv Unidad Regional Norte y Centro Norte- 0 1 Formación y Actualización de Asesores (as) Certificado de Servicio Social realizado del 27 al 29 de Septiembre de 2021,  9 de Diciembre de 2021 25 hrs. {Nombre     } [https://docs.google.com/spreadsheets/d/e/2PACX-1vRoqEhUQXj2A5HkRVfCNBRrfJJvB34fSTJmgJwkJFsUZa-NM9ecUUUruJ-YsB_RbA/pub?output=csv]}
General Logger:	2022/05/09 22:31:09.287737 main.go:359: &{../outputs/PDFs/ ../Template/TemplateConstancia.pdf ../outputs/CSVsFiles ../outputs/CSVDownloaded/gsheet.csv Unidad Regional Norte y Centro Norte- 0 1 Formación y Actualización de Asesores (as) Certificado de Servicio Social realizado del 27 al 29 de Septiembre de 2021,  9 de Diciembre de 2021 25 hrs. {Nombre     } [https://docs.google.com/spreadsheets/d/e/2PACX-1vRoqEhUQXj2A5HkRVfCNBRrfJJvB34fSTJmgJwkJFsUZa-NM9ecUUUruJ-YsB_RbA/pub?output=csv]}
General Logger:	2022/05/09 22:31:23.442460 main.go:359: &{../outputs/PDFs/ ../Template/TemplateConstancia.pdf ../outputs/CSVsFiles ../outputs/CSVDownloaded/gsheet.csv Unidad Regional Norte y Centro Norte- 0 1 Formación y Actualización de Asesores (as) Certificado de Servicio Social realizado del 27 al 29 de Septiembre de 2021,  9 de Diciembre de 2021 25 hrs. {Nombre     } [https://docs.google.com/spreadsheets/d/e/2PACX-1vRoqEhUQXj2A5HkRVfCNBRrfJJvB34fSTJmgJwkJFsUZa-NM9ecUUUruJ-YsB_RbA/pub?output=csv]}
General Logger:	2022/05/09 22:31:46.091758 main.go:359: &{../outputs/PDFs/ ../Template/TemplateConstancia.pdf ../outputs/CSVsFiles ../outputs/CSVDownloaded/gsheet.csv Unidad Regional Norte y Centro Norte- 0 1 Formación y Actualización de Asesores (as) Certificado de Servicio Social realizado del 27 al 29 de Septiembre de 2021,  9 de Diciembre de 2021 25 hrs. {Nombre     } [https://docs.google.com/spreadsheets/d/e/2PACX-1vRoqEhUQXj2A5HkRVfCNBRrfJJvB34fSTJmgJwkJFsUZa-NM9ecUUUruJ-YsB_RbA/pub?output=csv]}
General Logger:	2022/05/09 22:32:21.448713 main.go:359: &{../outputs/PDFs/ ../Template/TemplateConstancia.pdf ../outputs/CSVsFiles ../outputs/CSVDownloaded/gsheet.csv Unidad Regional Norte y Centro Norte- 0 1 Formación y Actualización de Asesores (as) Certificado de Servicio Social realizado del 27 al 29 de Septiembre de 2021,  9 de Diciembre de 2021 25 hrs. {Nombre     } [https://docs.google.com/spreadsheets/d/e/2PACX-1vRoqEhUQXj2A5HkRVfCNBRrfJJvB34fSTJmgJwkJFsUZa-NM9ecUUUruJ-YsB_RbA/pub?output=csv]}
General Logger:	2022/05/09 22:32:29.709482 main.go:359: &{../outputs/PDFs/ ../Template/TemplateConstancia.pdf ../outputs/CSVsFiles ../outputs/CSVDownloaded/gsheet.csv Unidad Regional Norte y Centro Norte- 0 1 Formación y Actualización de Asesores (as) Certificado de Servicio Social realizado del 27 al 29 de Septiembre de 2021,  9 de Diciembre de 2021 25 hrs. {Nombre     } [https://docs.google.com/spreadsheets/d/e/2PACX-1vRoqEhUQXj2A5HkRVfCNBRrfJJvB34fSTJmgJwkJFsUZa-NM9ecUUUruJ-YsB_RbA/pub?output=csv]}
General Logger:	2022/05/09 22:32:34.990811 main.go:359: &{../outputs/PDFs/ ../Template/TemplateConstancia.pdf ../outputs/CSVsFiles ../outputs/CSVDownloaded/gsheet.csv Unidad Regional Norte y Centro Norte- 0 1 Formación y Actualización de Asesores (as) Certificado de Servicio Social realizado del 27 al 29 de Septiembre de 2021,  9 de Diciembre de 2021 25 hrs. {Nombre     } [https://docs.google.com/spreadsheets/d/e/2PACX-1vRoqEhUQXj2A5HkRVfCNBRrfJJvB34fSTJmgJwkJFsUZa-NM9ecUUUruJ-YsB_RbA/pub?output=csv]}
General Logger:	2022/05/09 22:32:35.032457 main.go:181: La cantidad de PDFs generados fueron de: 1 
General Logger:	2022/05/09 22:32:35.043286 main.go:181: La cantidad de PDFs generados fueron de: 2 
General Logger:	2022/05/09 22:32:35.053826 main.go:181: La cantidad de PDFs generados fueron de: 3 
General Logger:	2022/05/09 22:32:35.062829 main.go:181: La cantidad de PDFs generados fueron de: 4 
General Logger:	2022/05/09 22:32:35.071828 main.go:181: La cantidad de PDFs generados fueron de: 5 
General Logger:	2022/05/09 22:32:35.080826 main.go:181: La cantidad de PDFs generados fueron de: 1 
General Logger:	2022/05/09 22:32:35.088825 main.go:181: La cantidad de PDFs generados fueron de: 2 
General Logger:	2022/05/09 22:32:35.096827 main.go:181: La cantidad de PDFs generados fueron de: 3 
General Logger:	2022/05/09 22:32:35.105348 main.go:181: La cantidad de PDFs generados fueron de: 4 
General Logger:	2022/05/09 22:32:35.113347 main.go:181: La cantidad de PDFs generados fueron de: 5 
General Logger:	2022/05/09 22:32:35.121683 main.go:181: La cantidad de PDFs generados fueron de: 1 
General Logger:	2022/05/09 22:32:35.129928 main.go:181: La cantidad de PDFs generados fueron de: 2 
General Logger:	2022/05/09 22:32:35.137927 main.go:181: La cantidad de PDFs generados fueron de: 3 
General Logger:	2022/05/09 22:32:35.145927 main.go:181: La cantidad de PDFs generados fueron de: 4 
General Logger:	2022/05/09 22:32:35.153721 main.go:181: La cantidad de PDFs generados fueron de: 5 
General Logger:	2022/05/09 22:32:35.162279 main.go:181: La cantidad de PDFs generados fueron de: 1 
General Logger:	2022/05/09 22:32:35.170682 main.go:181: La cantidad de PDFs generados fueron de: 2 
General Logger:	2022/05/09 22:32:35.178680 main.go:181: La cantidad de PDFs generados fueron de: 3 
General Logger:	2022/05/09 22:32:35.186676 main.go:181: La cantidad de PDFs generados fueron de: 4 
General Logger:	2022/05/09 22:32:35.195685 main.go:181: La cantidad de PDFs generados fueron de: 5 
General Logger:	2022/05/09 22:32:35.203574 main.go:181: La cantidad de PDFs generados fueron de: 1 
General Logger:	2022/05/09 22:32:35.211892 main.go:181: La cantidad de PDFs generados fueron de: 2 
General Logger:	2022/05/09 22:32:35.218886 main.go:181: La cantidad de PDFs generados fueron de: 3 
General Logger:	2022/05/09 22:32:35.227276 main.go:181: La cantidad de PDFs generados fueron de: 4 
General Logger:	2022/05/09 22:32:35.234460 main.go:181: La cantidad de PDFs generados fueron de: 5 
General Logger:	2022/05/09 22:32:35.243454 main.go:181: La cantidad de PDFs generados fueron de: 1 
General Logger:	2022/05/09 22:32:35.251453 main.go:181: La cantidad de PDFs generados fueron de: 2 
General Logger:	2022/05/09 22:32:35.259448 main.go:181: La cantidad de PDFs generados fueron de: 3 
General Logger:	2022/05/09 22:32:35.267446 main.go:181: La cantidad de PDFs generados fueron de: 4 
General Logger:	2022/05/09 22:32:35.275525 main.go:181: La cantidad de PDFs generados fueron de: 5 
General Logger:	2022/05/09 22:32:35.284522 main.go:181: La cantidad de PDFs generados fueron de: 1 
General Logger:	2022/05/09 22:32:35.292524 main.go:181: La cantidad de PDFs generados fueron de: 2 
General Logger:	2022/05/09 22:32:35.300260 main.go:181: La cantidad de PDFs generados fueron de: 3 
General Logger:	2022/05/09 22:32:35.308282 main.go:181: La cantidad de PDFs generados fueron de: 4 
General Logger:	2022/05/09 22:32:35.314908 main.go:181: La cantidad de PDFs generados fueron de: 5 
General Logger:	2022/05/09 22:32:35.323905 main.go:181: La cantidad de PDFs generados fueron de: 1 
General Logger:	2022/05/09 22:32:35.331903 main.go:181: La cantidad de PDFs generados fueron de: 2 
General Logger:	2022/05/09 22:32:35.339903 main.go:181: La cantidad de PDFs generados fueron de: 3 
General Logger:	2022/05/09 22:32:35.347903 main.go:181: La cantidad de PDFs generados fueron de: 4 
General Logger:	2022/05/09 22:32:35.355906 main.go:181: La cantidad de PDFs generados fueron de: 5 
General Logger:	2022/05/09 22:34:11.239678 main.go:359: &{../outputs/PDFs/ ../Template/TemplateConstancia.pdf ../outputs/CSVsFiles ../outputs/CSVDownloaded/gsheet.csv Unidad Regional Norte y Centro Norte- 0 1 Formación y Actualización de Asesores (as) Certificado de Servicio Social realizado del 27 al 29 de Septiembre de 2021,  9 de Diciembre de 2021 25 hrs. {Nombre     } [https://docs.google.com/spreadsheets/d/e/2PACX-1vRoqEhUQXj2A5HkRVfCNBRrfJJvB34fSTJmgJwkJFsUZa-NM9ecUUUruJ-YsB_RbA/pub?output=csv]}
General Logger:	2022/05/09 22:34:11.373572 main.go:181: La cantidad de PDFs generados fueron de: 1 
General Logger:	2022/05/09 22:34:11.393574 main.go:181: La cantidad de PDFs generados fueron de: 2 
General Logger:	2022/05/09 22:34:11.414574 main.go:181: La cantidad de PDFs generados fueron de: 3 
General Logger:	2022/05/09 22:34:11.432574 main.go:181: La cantidad de PDFs generados fueron de: 4 
General Logger:	2022/05/09 22:34:11.459579 main.go:181: La cantidad de PDFs generados fueron de: 5 
General Logger:	2022/05/09 22:34:11.505298 main.go:181: La cantidad de PDFs generados fueron de: 1 
General Logger:	2022/05/09 22:34:11.539990 main.go:181: La cantidad de PDFs generados fueron de: 2 
General Logger:	2022/05/09 22:34:11.560594 main.go:181: La cantidad de PDFs generados fueron de: 3 
General Logger:	2022/05/09 22:34:11.582425 main.go:181: La cantidad de PDFs generados fueron de: 4 
General Logger:	2022/05/09 22:34:11.608965 main.go:181: La cantidad de PDFs generados fueron de: 5 
General Logger:	2022/05/09 22:34:11.639968 main.go:181: La cantidad de PDFs generados fueron de: 1 
General Logger:	2022/05/09 22:34:11.671971 main.go:181: La cantidad de PDFs generados fueron de: 2 
General Logger:	2022/05/09 22:34:11.714191 main.go:181: La cantidad de PDFs generados fueron de: 3 
General Logger:	2022/05/09 22:34:11.749480 main.go:181: La cantidad de PDFs generados fueron de: 4 
General Logger:	2022/05/09 22:34:11.770352 main.go:181: La cantidad de PDFs generados fueron de: 5 
General Logger:	2022/05/09 22:34:11.788346 main.go:181: La cantidad de PDFs generados fueron de: 1 
General Logger:	2022/05/09 22:34:11.807045 main.go:181: La cantidad de PDFs generados fueron de: 2 
General Logger:	2022/05/09 22:34:11.824492 main.go:181: La cantidad de PDFs generados fueron de: 3 
General Logger:	2022/05/09 22:34:11.844495 main.go:181: La cantidad de PDFs generados fueron de: 4 
General Logger:	2022/05/09 22:34:11.861326 main.go:181: La cantidad de PDFs generados fueron de: 5 
General Logger:	2022/05/09 22:34:11.881333 main.go:181: La cantidad de PDFs generados fueron de: 1 
General Logger:	2022/05/09 22:34:11.899332 main.go:181: La cantidad de PDFs generados fueron de: 2 
General Logger:	2022/05/09 22:34:11.919703 main.go:181: La cantidad de PDFs generados fueron de: 3 
General Logger:	2022/05/09 22:34:11.946939 main.go:181: La cantidad de PDFs generados fueron de: 4 
General Logger:	2022/05/09 22:34:11.969023 main.go:181: La cantidad de PDFs generados fueron de: 5 
General Logger:	2022/05/09 22:34:11.994569 main.go:181: La cantidad de PDFs generados fueron de: 1 
General Logger:	2022/05/09 22:34:12.018691 main.go:181: La cantidad de PDFs generados fueron de: 2 
General Logger:	2022/05/09 22:34:12.038768 main.go:181: La cantidad de PDFs generados fueron de: 3 
General Logger:	2022/05/09 22:34:12.061767 main.go:181: La cantidad de PDFs generados fueron de: 4 
General Logger:	2022/05/09 22:34:12.078777 main.go:181: La cantidad de PDFs generados fueron de: 5 
General Logger:	2022/05/09 22:34:12.099761 main.go:181: La cantidad de PDFs generados fueron de: 1 
General Logger:	2022/05/09 22:34:12.119201 main.go:181: La cantidad de PDFs generados fueron de: 2 
General Logger:	2022/05/09 22:34:12.136284 main.go:181: La cantidad de PDFs generados fueron de: 3 
General Logger:	2022/05/09 22:34:12.154720 main.go:181: La cantidad de PDFs generados fueron de: 4 
General Logger:	2022/05/09 22:34:12.171623 main.go:181: La cantidad de PDFs generados fueron de: 5 
General Logger:	2022/05/09 22:34:12.193250 main.go:181: La cantidad de PDFs generados fueron de: 1 
General Logger:	2022/05/09 22:34:12.210482 main.go:181: La cantidad de PDFs generados fueron de: 2 
General Logger:	2022/05/09 22:34:12.228245 main.go:181: La cantidad de PDFs generados fueron de: 3 
General Logger:	2022/05/09 22:34:12.252672 main.go:181: La cantidad de PDFs generados fueron de: 4 
General Logger:	2022/05/09 22:34:12.274069 main.go:181: La cantidad de PDFs generados fueron de: 5 
General Logger:	2022/05/09 22:34:12.296070 main.go:181: La cantidad de PDFs generados fueron de: 1 
General Logger:	2022/05/09 22:34:12.315070 main.go:181: La cantidad de PDFs generados fueron de: 2 
General Logger:	2022/05/09 22:34:12.335077 main.go:181: La cantidad de PDFs generados fueron de: 3 
General Logger:	2022/05/09 22:34:12.355070 main.go:181: La cantidad de PDFs generados fueron de: 4 
General Logger:	2022/05/09 22:34:12.373069 main.go:181: La cantidad de PDFs generados fueron de: 5 
General Logger:	2022/05/09 22:34:12.390376 main.go:181: La cantidad de PDFs generados fueron de: 1 
General Logger:	2022/05/09 22:34:12.409326 main.go:181: La cantidad de PDFs generados fueron de: 2 
General Logger:	2022/05/09 22:34:12.430528 main.go:181: La cantidad de PDFs generados fueron de: 3 
General Logger:	2022/05/09 22:34:12.447033 main.go:181: La cantidad de PDFs generados fueron de: 4 
General Logger:	2022/05/09 22:34:12.419845 main.go:359: &{../outputs/PDFs/ ../Template/TemplateConstancia.pdf ../outputs/CSVsFiles ../outputs/CSVDownloaded/gsheet.csv Unidad Regional Norte y Centro Norte- 0 1 Formación y Actualización de Asesores (as) Certificado de Servicio Social realizado del 27 al 29 de Septiembre de 2021,  9 de Diciembre de 2021 25 hrs. {Nombre     } [https://docs.google.com/spreadsheets/d/e/2PACX-1vRoqEhUQXj2A5HkRVfCNBRrfJJvB34fSTJmgJwkJFsUZa-NM9ecUUUruJ-YsB_RbA/pub?output=csv]}
General Logger:	2022/05/09 22:34:12.465154 main.go:181: La cantidad de PDFs generados fueron de: 5 
General Logger:	2022/05/09 22:34:22.244390 main.go:359: &{../outputs/PDFs/ ../Template/TemplateConstancia.pdf ../outputs/CSVsFiles ../outputs/CSVDownloaded/gsheet.csv Unidad Regional Norte y Centro Norte- 0 1 Formación y Actualización de Asesores (as) Certificado de Servicio Social realizado del 27 al 29 de Septiembre de 2021,  9 de Diciembre de 2021 25 hrs. {Nombre     } [https://docs.google.com/spreadsheets/d/e/2PACX-1vRoqEhUQXj2A5HkRVfCNBRrfJJvB34fSTJmgJwkJFsUZa-NM9ecUUUruJ-YsB_RbA/pub?output=csv]}
General Logger:	2022/05/09 22:34:39.293785 main.go:359: &{../outputs/PDFs/ ../Template/TemplateConstancia.pdf ../outputs/CSVsFiles ../outputs/CSVDownloaded/gsheet.csv Unidad Regional Norte y Centro Norte- 0 1 Formación y Actualización de Asesores (as) Certificado de Servicio Social realizado del 27 al 29 de Septiembre de 2021,  9 de Diciembre de 2021 25 hrs. {Nombre     } [https://docs.google.com/spreadsheets/d/e/2PACX-1vRoqEhUQXj2A5HkRVfCNBRrfJJvB34fSTJmgJwkJFsUZa-NM9ecUUUruJ-YsB_RbA/pub?output=csv]}
General Logger:	2022/05/09 22:34:39.338857 main.go:181: La cantidad de PDFs generados fueron de: 1 
General Logger:	2022/05/09 22:34:39.347861 main.go:181: La cantidad de PDFs generados fueron de: 2 
General Logger:	2022/05/09 22:34:39.356860 main.go:181: La cantidad de PDFs generados fueron de: 3 
General Logger:	2022/05/09 22:34:39.364855 main.go:181: La cantidad de PDFs generados fueron de: 4 
General Logger:	2022/05/09 22:34:39.396892 main.go:181: La cantidad de PDFs generados fueron de: 5 
General Logger:	2022/05/09 22:34:39.408786 main.go:181: La cantidad de PDFs generados fueron de: 1 
General Logger:	2022/05/09 22:34:39.417855 main.go:181: La cantidad de PDFs generados fueron de: 2 
General Logger:	2022/05/09 22:34:39.426558 main.go:181: La cantidad de PDFs generados fueron de: 3 
General Logger:	2022/05/09 22:34:39.435556 main.go:181: La cantidad de PDFs generados fueron de: 4 
General Logger:	2022/05/09 22:34:39.444162 main.go:181: La cantidad de PDFs generados fueron de: 5 
General Logger:	2022/05/09 22:34:39.452882 main.go:181: La cantidad de PDFs generados fueron de: 1 
General Logger:	2022/05/09 22:34:39.460663 main.go:181: La cantidad de PDFs generados fueron de: 2 
General Logger:	2022/05/09 22:34:39.468949 main.go:181: La cantidad de PDFs generados fueron de: 3 
General Logger:	2022/05/09 22:34:39.476954 main.go:181: La cantidad de PDFs generados fueron de: 4 
General Logger:	2022/05/09 22:34:39.485950 main.go:181: La cantidad de PDFs generados fueron de: 5 
General Logger:	2022/05/09 22:34:39.494965 main.go:181: La cantidad de PDFs generados fueron de: 1 
General Logger:	2022/05/09 22:34:39.504954 main.go:181: La cantidad de PDFs generados fueron de: 2 
General Logger:	2022/05/09 22:34:39.513498 main.go:181: La cantidad de PDFs generados fueron de: 3 
General Logger:	2022/05/09 22:34:39.522495 main.go:181: La cantidad de PDFs generados fueron de: 4 
General Logger:	2022/05/09 22:34:39.529783 main.go:181: La cantidad de PDFs generados fueron de: 5 
General Logger:	2022/05/09 22:34:39.540136 main.go:181: La cantidad de PDFs generados fueron de: 1 
General Logger:	2022/05/09 22:34:39.549138 main.go:181: La cantidad de PDFs generados fueron de: 2 
General Logger:	2022/05/09 22:34:39.595882 main.go:181: La cantidad de PDFs generados fueron de: 3 
General Logger:	2022/05/09 22:34:39.607141 main.go:181: La cantidad de PDFs generados fueron de: 4 
General Logger:	2022/05/09 22:34:39.647754 main.go:181: La cantidad de PDFs generados fueron de: 5 
General Logger:	2022/05/09 22:34:39.659224 main.go:181: La cantidad de PDFs generados fueron de: 1 
General Logger:	2022/05/09 22:34:40.486974 main.go:181: La cantidad de PDFs generados fueron de: 2 
General Logger:	2022/05/09 22:34:40.499512 main.go:181: La cantidad de PDFs generados fueron de: 3 
General Logger:	2022/05/09 22:34:40.508511 main.go:181: La cantidad de PDFs generados fueron de: 4 
General Logger:	2022/05/09 22:34:40.520514 main.go:181: La cantidad de PDFs generados fueron de: 5 
General Logger:	2022/05/09 22:34:40.531507 main.go:181: La cantidad de PDFs generados fueron de: 1 
General Logger:	2022/05/09 22:34:40.540505 main.go:181: La cantidad de PDFs generados fueron de: 2 
General Logger:	2022/05/09 22:34:40.550507 main.go:181: La cantidad de PDFs generados fueron de: 3 
General Logger:	2022/05/09 22:34:40.558507 main.go:181: La cantidad de PDFs generados fueron de: 4 
General Logger:	2022/05/09 22:34:40.567509 main.go:181: La cantidad de PDFs generados fueron de: 5 
General Logger:	2022/05/09 22:34:40.578518 main.go:181: La cantidad de PDFs generados fueron de: 1 
General Logger:	2022/05/09 22:34:40.588505 main.go:181: La cantidad de PDFs generados fueron de: 2 
General Logger:	2022/05/09 22:34:40.597506 main.go:181: La cantidad de PDFs generados fueron de: 3 
General Logger:	2022/05/09 22:34:40.606509 main.go:181: La cantidad de PDFs generados fueron de: 4 
General Logger:	2022/05/09 22:34:40.616513 main.go:181: La cantidad de PDFs generados fueron de: 5 
General Logger:	2022/05/09 22:34:40.626508 main.go:181: La cantidad de PDFs generados fueron de: 1 
General Logger:	2022/05/09 22:34:40.635507 main.go:181: La cantidad de PDFs generados fueron de: 2 
General Logger:	2022/05/09 22:34:40.645509 main.go:181: La cantidad de PDFs generados fueron de: 3 
General Logger:	2022/05/09 22:34:40.654507 main.go:181: La cantidad de PDFs generados fueron de: 4 
General Logger:	2022/05/09 22:34:40.663507 main.go:181: La cantidad de PDFs generados fueron de: 5 
General Logger:	2022/05/09 22:35:06.005536 main.go:359: &{../outputs/PDFs/ ../Template/TemplateConstancia.pdf ../outputs/CSVsFiles ../outputs/CSVDownloaded/gsheet.csv Unidad Regional Norte y Centro Norte- 0 1 Formación y Actualización de Asesores (as) Certificado de Servicio Social realizado del 27 al 29 de Septiembre de 2021,  9 de Diciembre de 2021 25 hrs. {Nombre     } [https://docs.google.com/spreadsheets/d/e/2PACX-1vRoqEhUQXj2A5HkRVfCNBRrfJJvB34fSTJmgJwkJFsUZa-NM9ecUUUruJ-YsB_RbA/pub?output=csv]}
General Logger:	2022/05/09 22:35:06.052730 main.go:181: La cantidad de PDFs generados fueron de: 1 
General Logger:	2022/05/09 22:35:06.064140 main.go:181: La cantidad de PDFs generados fueron de: 2 
General Logger:	2022/05/09 22:35:06.073985 main.go:181: La cantidad de PDFs generados fueron de: 3 
General Logger:	2022/05/09 22:35:06.085789 main.go:181: La cantidad de PDFs generados fueron de: 4 
General Logger:	2022/05/09 22:35:06.099197 main.go:181: La cantidad de PDFs generados fueron de: 5 
General Logger:	2022/05/09 22:35:06.111559 main.go:181: La cantidad de PDFs generados fueron de: 1 
General Logger:	2022/05/09 22:35:06.083562 main.go:359: &{../outputs/PDFs/ ../Template/TemplateConstancia.pdf ../outputs/CSVsFiles ../outputs/CSVDownloaded/gsheet.csv Unidad Regional Norte y Centro Norte- 0 1 Formación y Actualización de Asesores (as) Certificado de Servicio Social realizado del 27 al 29 de Septiembre de 2021,  9 de Diciembre de 2021 25 hrs. {Nombre     } [https://docs.google.com/spreadsheets/d/e/2PACX-1vRoqEhUQXj2A5HkRVfCNBRrfJJvB34fSTJmgJwkJFsUZa-NM9ecUUUruJ-YsB_RbA/pub?output=csv]}
General Logger:	2022/05/09 22:35:06.124124 main.go:181: La cantidad de PDFs generados fueron de: 2 
General Logger:	2022/05/09 22:35:06.134723 main.go:181: La cantidad de PDFs generados fueron de: 3 
General Logger:	2022/05/09 22:35:06.138543 main.go:181: La cantidad de PDFs generados fueron de: 1 
General Logger:	2022/05/09 22:35:06.147319 main.go:181: La cantidad de PDFs generados fueron de: 4 
General Logger:	2022/05/09 22:35:06.150596 main.go:181: La cantidad de PDFs generados fueron de: 2 
General Logger:	2022/05/09 22:35:06.158588 main.go:181: La cantidad de PDFs generados fueron de: 5 
General Logger:	2022/05/09 22:35:06.164170 main.go:181: La cantidad de PDFs generados fueron de: 3 
General Logger:	2022/05/09 22:35:06.170143 main.go:181: La cantidad de PDFs generados fueron de: 1 
General Logger:	2022/05/09 22:35:06.175543 main.go:181: La cantidad de PDFs generados fueron de: 4 
General Logger:	2022/05/09 22:35:06.180998 main.go:181: La cantidad de PDFs generados fueron de: 2 
General Logger:	2022/05/09 22:35:06.186074 main.go:181: La cantidad de PDFs generados fueron de: 5 
General Logger:	2022/05/09 22:35:06.191081 main.go:181: La cantidad de PDFs generados fueron de: 3 
General Logger:	2022/05/09 22:35:06.198069 main.go:181: La cantidad de PDFs generados fueron de: 1 
General Logger:	2022/05/09 22:35:06.202079 main.go:181: La cantidad de PDFs generados fueron de: 4 
General Logger:	2022/05/09 22:35:06.211093 main.go:181: La cantidad de PDFs generados fueron de: 2 
General Logger:	2022/05/09 22:35:06.216086 main.go:181: La cantidad de PDFs generados fueron de: 5 
General Logger:	2022/05/09 22:35:06.224085 main.go:181: La cantidad de PDFs generados fueron de: 3 
General Logger:	2022/05/09 22:35:06.231079 main.go:181: La cantidad de PDFs generados fueron de: 1 
General Logger:	2022/05/09 22:35:06.238077 main.go:181: La cantidad de PDFs generados fueron de: 4 
General Logger:	2022/05/09 22:35:06.244080 main.go:181: La cantidad de PDFs generados fueron de: 2 
General Logger:	2022/05/09 22:35:06.249603 main.go:181: La cantidad de PDFs generados fueron de: 5 
General Logger:	2022/05/09 22:35:06.257606 main.go:181: La cantidad de PDFs generados fueron de: 3 
General Logger:	2022/05/09 22:35:06.263606 main.go:181: La cantidad de PDFs generados fueron de: 1 
General Logger:	2022/05/09 22:35:06.269624 main.go:181: La cantidad de PDFs generados fueron de: 4 
General Logger:	2022/05/09 22:35:06.275608 main.go:181: La cantidad de PDFs generados fueron de: 2 
General Logger:	2022/05/09 22:35:06.282790 main.go:181: La cantidad de PDFs generados fueron de: 5 
General Logger:	2022/05/09 22:35:06.289150 main.go:181: La cantidad de PDFs generados fueron de: 3 
General Logger:	2022/05/09 22:35:06.296141 main.go:181: La cantidad de PDFs generados fueron de: 1 
General Logger:	2022/05/09 22:35:06.303154 main.go:181: La cantidad de PDFs generados fueron de: 4 
General Logger:	2022/05/09 22:35:06.311141 main.go:181: La cantidad de PDFs generados fueron de: 2 
General Logger:	2022/05/09 22:35:06.316142 main.go:181: La cantidad de PDFs generados fueron de: 5 
General Logger:	2022/05/09 22:35:06.324145 main.go:181: La cantidad de PDFs generados fueron de: 3 
General Logger:	2022/05/09 22:35:06.330148 main.go:181: La cantidad de PDFs generados fueron de: 1 
General Logger:	2022/05/09 22:35:06.338685 main.go:181: La cantidad de PDFs generados fueron de: 4 
General Logger:	2022/05/09 22:35:06.343688 main.go:181: La cantidad de PDFs generados fueron de: 2 
General Logger:	2022/05/09 22:35:06.352692 main.go:181: La cantidad de PDFs generados fueron de: 5 
General Logger:	2022/05/09 22:35:06.358696 main.go:181: La cantidad de PDFs generados fueron de: 3 
General Logger:	2022/05/09 22:35:06.366687 main.go:181: La cantidad de PDFs generados fueron de: 1 
General Logger:	2022/05/09 22:35:06.371680 main.go:181: La cantidad de PDFs generados fueron de: 4 
General Logger:	2022/05/09 22:35:06.377694 main.go:181: La cantidad de PDFs generados fueron de: 2 
General Logger:	2022/05/09 22:35:06.384685 main.go:181: La cantidad de PDFs generados fueron de: 5 
General Logger:	2022/05/09 22:35:06.389685 main.go:181: La cantidad de PDFs generados fueron de: 3 
General Logger:	2022/05/09 22:35:06.398686 main.go:181: La cantidad de PDFs generados fueron de: 1 
General Logger:	2022/05/09 22:35:06.400679 main.go:181: La cantidad de PDFs generados fueron de: 4 
General Logger:	2022/05/09 22:35:06.409682 main.go:181: La cantidad de PDFs generados fueron de: 2 
General Logger:	2022/05/09 22:35:06.414686 main.go:181: La cantidad de PDFs generados fueron de: 5 
General Logger:	2022/05/09 22:35:06.423683 main.go:181: La cantidad de PDFs generados fueron de: 3 
General Logger:	2022/05/09 22:35:06.427697 main.go:181: La cantidad de PDFs generados fueron de: 1 
General Logger:	2022/05/09 22:35:06.435692 main.go:181: La cantidad de PDFs generados fueron de: 4 
General Logger:	2022/05/09 22:35:06.440684 main.go:181: La cantidad de PDFs generados fueron de: 2 
General Logger:	2022/05/09 22:35:06.447688 main.go:181: La cantidad de PDFs generados fueron de: 5 
General Logger:	2022/05/09 22:35:06.453688 main.go:181: La cantidad de PDFs generados fueron de: 3 
General Logger:	2022/05/09 22:35:06.460691 main.go:181: La cantidad de PDFs generados fueron de: 1 
General Logger:	2022/05/09 22:35:06.466683 main.go:181: La cantidad de PDFs generados fueron de: 4 
General Logger:	2022/05/09 22:35:06.476687 main.go:181: La cantidad de PDFs generados fueron de: 2 
General Logger:	2022/05/09 22:35:06.509997 main.go:181: La cantidad de PDFs generados fueron de: 5 
General Logger:	2022/05/09 22:35:06.520817 main.go:181: La cantidad de PDFs generados fueron de: 3 
General Logger:	2022/05/09 22:35:06.525843 main.go:181: La cantidad de PDFs generados fueron de: 1 
General Logger:	2022/05/09 22:35:06.541833 main.go:181: La cantidad de PDFs generados fueron de: 4 
General Logger:	2022/05/09 22:35:06.543831 main.go:181: La cantidad de PDFs generados fueron de: 2 
General Logger:	2022/05/09 22:35:06.553830 main.go:181: La cantidad de PDFs generados fueron de: 5 
General Logger:	2022/05/09 22:35:06.554836 main.go:181: La cantidad de PDFs generados fueron de: 3 
General Logger:	2022/05/09 22:35:06.566832 main.go:181: La cantidad de PDFs generados fueron de: 4 
General Logger:	2022/05/09 22:35:06.566832 main.go:181: La cantidad de PDFs generados fueron de: 1 
General Logger:	2022/05/09 22:35:06.577828 main.go:181: La cantidad de PDFs generados fueron de: 5 
General Logger:	2022/05/09 22:35:06.577828 main.go:181: La cantidad de PDFs generados fueron de: 2 
General Logger:	2022/05/09 22:35:06.588835 main.go:181: La cantidad de PDFs generados fueron de: 3 
General Logger:	2022/05/09 22:35:06.590848 main.go:181: La cantidad de PDFs generados fueron de: 1 
General Logger:	2022/05/09 22:35:06.600830 main.go:181: La cantidad de PDFs generados fueron de: 4 
General Logger:	2022/05/09 22:35:06.601832 main.go:181: La cantidad de PDFs generados fueron de: 2 
General Logger:	2022/05/09 22:35:06.611831 main.go:181: La cantidad de PDFs generados fueron de: 5 
General Logger:	2022/05/09 22:35:06.611831 main.go:181: La cantidad de PDFs generados fueron de: 3 
General Logger:	2022/05/09 22:35:06.623843 main.go:181: La cantidad de PDFs generados fueron de: 1 
General Logger:	2022/05/09 22:35:06.624833 main.go:181: La cantidad de PDFs generados fueron de: 4 
General Logger:	2022/05/09 22:35:06.636829 main.go:181: La cantidad de PDFs generados fueron de: 2 
General Logger:	2022/05/09 22:35:06.636829 main.go:181: La cantidad de PDFs generados fueron de: 5 
General Logger:	2022/05/09 22:35:06.650841 main.go:181: La cantidad de PDFs generados fueron de: 3 
General Logger:	2022/05/09 22:35:06.660832 main.go:181: La cantidad de PDFs generados fueron de: 4 
General Logger:	2022/05/09 22:35:06.672365 main.go:181: La cantidad de PDFs generados fueron de: 5 
General Logger:	2022/05/09 22:35:06.685361 main.go:181: La cantidad de PDFs generados fueron de: 1 
General Logger:	2022/05/09 22:35:06.699359 main.go:181: La cantidad de PDFs generados fueron de: 2 
General Logger:	2022/05/09 22:35:06.713368 main.go:181: La cantidad de PDFs generados fueron de: 3 
General Logger:	2022/05/09 22:35:06.722359 main.go:181: La cantidad de PDFs generados fueron de: 4 
General Logger:	2022/05/09 22:35:06.731355 main.go:181: La cantidad de PDFs generados fueron de: 5 
General Logger:	2022/05/09 22:36:27.552133 main.go:359: &{../outputs/PDFs/ ../Template/TemplateConstancia.pdf ../outputs/CSVsFiles ../outputs/CSVDownloaded/gsheet.csv Unidad Regional Norte y Centro Norte- 0 1 Formación y Actualización de Asesores (as) Certificado de Servicio Social realizado del 27 al 29 de Septiembre de 2021,  9 de Diciembre de 2021 25 hrs. {Nombre     } [https://docs.google.com/spreadsheets/d/e/2PACX-1vRoqEhUQXj2A5HkRVfCNBRrfJJvB34fSTJmgJwkJFsUZa-NM9ecUUUruJ-YsB_RbA/pub?output=csv]}
General Logger:	2022/05/09 22:40:45.828424 main.go:359: &{../outputs/PDFs/ ../Template/TemplateConstancia.pdf ../outputs/CSVsFiles ../outputs/CSVDownloaded/gsheet.csv Unidad Regional Norte y Centro Norte- 0 1 Formación y Actualización de Asesores (as) Certificado de Servicio Social realizado del 27 al 29 de Septiembre de 2021,  9 de Diciembre de 2021 25 hrs. {Nombre     } [https://docs.google.com/spreadsheets/d/e/2PACX-1vRoqEhUQXj2A5HkRVfCNBRrfJJvB34fSTJmgJwkJFsUZa-NM9ecUUUruJ-YsB_RbA/pub?output=csv]}
General Logger:	2022/05/09 22:40:45.923098 main.go:181: La cantidad de PDFs generados fueron de: 1 
General Logger:	2022/05/09 22:40:45.947595 main.go:181: La cantidad de PDFs generados fueron de: 2 
General Logger:	2022/05/09 22:40:45.980843 main.go:181: La cantidad de PDFs generados fueron de: 3 
General Logger:	2022/05/09 22:40:46.005599 main.go:181: La cantidad de PDFs generados fueron de: 4 
General Logger:	2022/05/09 22:40:46.032206 main.go:181: La cantidad de PDFs generados fueron de: 5 
General Logger:	2022/05/09 22:40:46.062872 main.go:181: La cantidad de PDFs generados fueron de: 1 
General Logger:	2022/05/09 22:40:46.092087 main.go:181: La cantidad de PDFs generados fueron de: 2 
General Logger:	2022/05/09 22:40:46.114295 main.go:181: La cantidad de PDFs generados fueron de: 3 
General Logger:	2022/05/09 22:40:46.144458 main.go:181: La cantidad de PDFs generados fueron de: 4 
General Logger:	2022/05/09 22:40:46.169334 main.go:181: La cantidad de PDFs generados fueron de: 5 
General Logger:	2022/05/09 22:40:46.195168 main.go:181: La cantidad de PDFs generados fueron de: 1 
General Logger:	2022/05/09 22:40:46.217640 main.go:181: La cantidad de PDFs generados fueron de: 2 
General Logger:	2022/05/09 22:40:46.239813 main.go:181: La cantidad de PDFs generados fueron de: 3 
General Logger:	2022/05/09 22:40:46.261970 main.go:181: La cantidad de PDFs generados fueron de: 4 
General Logger:	2022/05/09 22:40:46.280135 main.go:181: La cantidad de PDFs generados fueron de: 5 
General Logger:	2022/05/09 22:40:46.304996 main.go:181: La cantidad de PDFs generados fueron de: 1 
General Logger:	2022/05/09 22:40:46.329559 main.go:181: La cantidad de PDFs generados fueron de: 2 
General Logger:	2022/05/09 22:40:46.347697 main.go:181: La cantidad de PDFs generados fueron de: 3 
General Logger:	2022/05/09 22:40:46.371710 main.go:181: La cantidad de PDFs generados fueron de: 4 
General Logger:	2022/05/09 22:40:46.391702 main.go:181: La cantidad de PDFs generados fueron de: 5 
General Logger:	2022/05/09 22:40:46.415697 main.go:181: La cantidad de PDFs generados fueron de: 1 
General Logger:	2022/05/09 22:40:46.439693 main.go:181: La cantidad de PDFs generados fueron de: 2 
General Logger:	2022/05/09 22:40:46.459732 main.go:181: La cantidad de PDFs generados fueron de: 3 
General Logger:	2022/05/09 22:40:46.479698 main.go:181: La cantidad de PDFs generados fueron de: 4 
General Logger:	2022/05/09 22:40:46.503708 main.go:181: La cantidad de PDFs generados fueron de: 5 
General Logger:	2022/05/09 22:40:46.527695 main.go:181: La cantidad de PDFs generados fueron de: 1 
General Logger:	2022/05/09 22:40:46.551709 main.go:181: La cantidad de PDFs generados fueron de: 2 
General Logger:	2022/05/09 22:40:46.571710 main.go:181: La cantidad de PDFs generados fueron de: 3 
General Logger:	2022/05/09 22:40:46.591690 main.go:181: La cantidad de PDFs generados fueron de: 4 
General Logger:	2022/05/09 22:40:46.615696 main.go:181: La cantidad de PDFs generados fueron de: 5 
General Logger:	2022/05/09 22:40:46.639712 main.go:181: La cantidad de PDFs generados fueron de: 1 
General Logger:	2022/05/09 22:40:46.659715 main.go:181: La cantidad de PDFs generados fueron de: 2 
General Logger:	2022/05/09 22:40:46.683698 main.go:181: La cantidad de PDFs generados fueron de: 3 
General Logger:	2022/05/09 22:40:46.707691 main.go:181: La cantidad de PDFs generados fueron de: 4 
General Logger:	2022/05/09 22:40:46.727711 main.go:181: La cantidad de PDFs generados fueron de: 5 
General Logger:	2022/05/09 22:40:46.751696 main.go:181: La cantidad de PDFs generados fueron de: 1 
General Logger:	2022/05/09 22:40:46.775363 main.go:181: La cantidad de PDFs generados fueron de: 2 
General Logger:	2022/05/09 22:40:46.799594 main.go:181: La cantidad de PDFs generados fueron de: 3 
General Logger:	2022/05/09 22:40:46.823571 main.go:181: La cantidad de PDFs generados fueron de: 4 
General Logger:	2022/05/09 22:40:46.845168 main.go:181: La cantidad de PDFs generados fueron de: 5 
General Logger:	2022/05/09 22:40:46.865152 main.go:181: La cantidad de PDFs generados fueron de: 1 
General Logger:	2022/05/09 22:40:46.889151 main.go:181: La cantidad de PDFs generados fueron de: 2 
General Logger:	2022/05/09 22:40:46.913152 main.go:181: La cantidad de PDFs generados fueron de: 3 
General Logger:	2022/05/09 22:40:46.933147 main.go:181: La cantidad de PDFs generados fueron de: 4 
General Logger:	2022/05/09 22:40:46.957150 main.go:181: La cantidad de PDFs generados fueron de: 5 
General Logger:	2022/05/09 22:40:46.985157 main.go:181: La cantidad de PDFs generados fueron de: 1 
General Logger:	2022/05/09 22:40:47.005149 main.go:181: La cantidad de PDFs generados fueron de: 2 
General Logger:	2022/05/09 22:40:47.025149 main.go:181: La cantidad de PDFs generados fueron de: 3 
General Logger:	2022/05/09 22:40:47.049156 main.go:181: La cantidad de PDFs generados fueron de: 4 
General Logger:	2022/05/09 22:40:47.073160 main.go:181: La cantidad de PDFs generados fueron de: 5 
